    HHC4000: Warning: 
	
Microsoft HTML Help Compiler 4.72.7352

Compiling c:\Arquivos de programas\Microsoft Visual Studio\VB98\CalcMdia\Ajuda\CalcHelp.chm

cálcular a Média Anual.htm
cálcular a Média.htm
Exibir o Modo Cálculo Anual.htm
Exibir o Modo Cálculo Mensal.htm
Finalizar o Programa.htm
Help CalcMdia.htm
Limpar Campos.htm
Conteúdo.htm
Table of Contents.hhc
Index.hhk
    HHC5003: Error: 
	Compilation failed while compiling Table of contents.



The following files were not compiled:
Table of contents
    HHC4000: Warning: 
	
Microsoft HTML Help Compiler 4.72.7352

Compiling c:\Arquivos de programas\Microsoft Visual Studio\VB98\CalcMdia\Ajuda\CalcHelp.chm

cálcular a Média Anual.htm
cálcular a Média.htm
Exibir o Modo Cálculo Anual.htm
Exibir o Modo Cálculo Mensal.htm
Finalizar o Programa.htm
Help CalcMdia.htm
Limpar Campos.htm
Conteúdo.htm
Table of Contents.hhc
Index.hhk




The following files were not compiled:
Table of contents
